1744944136.558834 client started (23224): version 3.3a, socket /tmp/tmux-1000/default, protocol 8
1744944136.558887 on Linux 6.1.0-33-amd64 #1 SMP PREEMPT_DYNAMIC Debian 6.1.133-1 (2025-04-10)
1744944136.558900 using libevent 2.1.12-stable (poll); ncurses 6.3
1744944136.558934 flags are 0x10010000
1744944136.558943 socket is /tmp/tmux-1000/default
1744944136.558963 trying connect
1744944136.559080 add peer 0x55a017ff94b0: 6 ((nil))
1744944136.559647 sending message 100 to peer 0x55a017ff94b0 (4 bytes)
1744944136.559664 sending message 111 to peer 0x55a017ff94b0 (8 bytes)
1744944136.559675 sending message 101 to peer 0x55a017ff94b0 (14 bytes)
1744944136.559685 sending message 109 to peer 0x55a017ff94b0 (4 bytes)
1744944136.559695 sending message 102 to peer 0x55a017ff94b0 (11 bytes)
1744944136.559704 sending message 108 to peer 0x55a017ff94b0 (25 bytes)
1744944136.559714 sending message 112 to peer 0x55a017ff94b0 (70 bytes)
1744944136.559724 sending message 112 to peer 0x55a017ff94b0 (5 bytes)
1744944136.559733 sending message 112 to peer 0x55a017ff94b0 (5 bytes)
1744944136.559743 sending message 112 to peer 0x55a017ff94b0 (6 bytes)
1744944136.559751 sending message 112 to peer 0x55a017ff94b0 (6 bytes)
1744944136.559760 sending message 112 to peer 0x55a017ff94b0 (11 bytes)
1744944136.559769 sending message 112 to peer 0x55a017ff94b0 (10 bytes)
1744944136.559778 sending message 112 to peer 0x55a017ff94b0 (13 bytes)
1744944136.559788 sending message 112 to peer 0x55a017ff94b0 (13 bytes)
1744944136.559799 sending message 112 to peer 0x55a017ff94b0 (18 bytes)
1744944136.559809 sending message 112 to peer 0x55a017ff94b0 (11 bytes)
1744944136.559819 sending message 112 to peer 0x55a017ff94b0 (10 bytes)
1744944136.559828 sending message 112 to peer 0x55a017ff94b0 (15 bytes)
1744944136.559837 sending message 112 to peer 0x55a017ff94b0 (21 bytes)
1744944136.559845 sending message 112 to peer 0x55a017ff94b0 (13 bytes)
1744944136.559855 sending message 112 to peer 0x55a017ff94b0 (7 bytes)
1744944136.559865 sending message 112 to peer 0x55a017ff94b0 (13 bytes)
1744944136.559874 sending message 112 to peer 0x55a017ff94b0 (7 bytes)
1744944136.559883 sending message 112 to peer 0x55a017ff94b0 (13 bytes)
1744944136.559892 sending message 112 to peer 0x55a017ff94b0 (9 bytes)
1744944136.559901 sending message 112 to peer 0x55a017ff94b0 (21 bytes)
1744944136.559910 sending message 112 to peer 0x55a017ff94b0 (13 bytes)
1744944136.559919 sending message 112 to peer 0x55a017ff94b0 (8 bytes)
1744944136.559928 sending message 112 to peer 0x55a017ff94b0 (12 bytes)
1744944136.559937 sending message 112 to peer 0x55a017ff94b0 (13 bytes)
1744944136.559945 sending message 112 to peer 0x55a017ff94b0 (9 bytes)
1744944136.559954 sending message 112 to peer 0x55a017ff94b0 (9 bytes)
1744944136.559964 sending message 112 to peer 0x55a017ff94b0 (12 bytes)
1744944136.559973 sending message 112 to peer 0x55a017ff94b0 (8 bytes)
1744944136.559982 sending message 112 to peer 0x55a017ff94b0 (8 bytes)
1744944136.559991 sending message 112 to peer 0x55a017ff94b0 (7 bytes)
1744944136.560002 sending message 112 to peer 0x55a017ff94b0 (7 bytes)
1744944136.560011 sending message 112 to peer 0x55a017ff94b0 (9 bytes)
1744944136.560020 sending message 112 to peer 0x55a017ff94b0 (13 bytes)
1744944136.560030 sending message 112 to peer 0x55a017ff94b0 (6 bytes)
1744944136.560039 sending message 112 to peer 0x55a017ff94b0 (9 bytes)
1744944136.560048 sending message 112 to peer 0x55a017ff94b0 (15 bytes)
1744944136.560057 sending message 112 to peer 0x55a017ff94b0 (13 bytes)
1744944136.560066 sending message 112 to peer 0x55a017ff94b0 (12 bytes)
1744944136.560075 sending message 112 to peer 0x55a017ff94b0 (8 bytes)
1744944136.560085 sending message 112 to peer 0x55a017ff94b0 (14 bytes)
1744944136.560094 sending message 112 to peer 0x55a017ff94b0 (11 bytes)
1744944136.560103 sending message 112 to peer 0x55a017ff94b0 (9 bytes)
1744944136.560112 sending message 112 to peer 0x55a017ff94b0 (10 bytes)
1744944136.560121 sending message 112 to peer 0x55a017ff94b0 (10 bytes)
1744944136.560129 sending message 112 to peer 0x55a017ff94b0 (10 bytes)
1744944136.560152 sending message 112 to peer 0x55a017ff94b0 (10 bytes)
1744944136.560162 sending message 112 to peer 0x55a017ff94b0 (11 bytes)
1744944136.560171 sending message 112 to peer 0x55a017ff94b0 (12 bytes)
1744944136.560181 sending message 112 to peer 0x55a017ff94b0 (12 bytes)
1744944136.560189 sending message 112 to peer 0x55a017ff94b0 (12 bytes)
1744944136.560199 sending message 112 to peer 0x55a017ff94b0 (12 bytes)
1744944136.560208 sending message 112 to peer 0x55a017ff94b0 (12 bytes)
1744944136.560216 sending message 112 to peer 0x55a017ff94b0 (11 bytes)
1744944136.560226 sending message 112 to peer 0x55a017ff94b0 (11 bytes)
1744944136.560235 sending message 112 to peer 0x55a017ff94b0 (12 bytes)
1744944136.560244 sending message 112 to peer 0x55a017ff94b0 (12 bytes)
1744944136.560253 sending message 112 to peer 0x55a017ff94b0 (12 bytes)
1744944136.560262 sending message 112 to peer 0x55a017ff94b0 (12 bytes)
1744944136.560271 sending message 112 to peer 0x55a017ff94b0 (12 bytes)
1744944136.560281 sending message 112 to peer 0x55a017ff94b0 (10 bytes)
1744944136.560291 sending message 112 to peer 0x55a017ff94b0 (12 bytes)
1744944136.560300 sending message 112 to peer 0x55a017ff94b0 (13 bytes)
1744944136.560308 sending message 112 to peer 0x55a017ff94b0 (13 bytes)
1744944136.560317 sending message 112 to peer 0x55a017ff94b0 (13 bytes)
1744944136.560326 sending message 112 to peer 0x55a017ff94b0 (13 bytes)
1744944136.560335 sending message 112 to peer 0x55a017ff94b0 (13 bytes)
1744944136.560344 sending message 112 to peer 0x55a017ff94b0 (8 bytes)
1744944136.560353 sending message 112 to peer 0x55a017ff94b0 (11 bytes)
1744944136.560362 sending message 112 to peer 0x55a017ff94b0 (11 bytes)
1744944136.560370 sending message 112 to peer 0x55a017ff94b0 (11 bytes)
1744944136.560380 sending message 112 to peer 0x55a017ff94b0 (12 bytes)
1744944136.560389 sending message 112 to peer 0x55a017ff94b0 (12 bytes)
1744944136.560398 sending message 112 to peer 0x55a017ff94b0 (12 bytes)
1744944136.560408 sending message 112 to peer 0x55a017ff94b0 (12 bytes)
1744944136.560417 sending message 112 to peer 0x55a017ff94b0 (13 bytes)
1744944136.560427 sending message 112 to peer 0x55a017ff94b0 (13 bytes)
1744944136.560436 sending message 112 to peer 0x55a017ff94b0 (13 bytes)
1744944136.560445 sending message 112 to peer 0x55a017ff94b0 (8 bytes)
1744944136.560456 sending message 112 to peer 0x55a017ff94b0 (13 bytes)
1744944136.560465 sending message 112 to peer 0x55a017ff94b0 (13 bytes)
1744944136.560473 sending message 112 to peer 0x55a017ff94b0 (13 bytes)
1744944136.560482 sending message 112 to peer 0x55a017ff94b0 (13 bytes)
1744944136.560491 sending message 112 to peer 0x55a017ff94b0 (13 bytes)
1744944136.560501 sending message 112 to peer 0x55a017ff94b0 (12 bytes)
1744944136.560511 sending message 112 to peer 0x55a017ff94b0 (12 bytes)
1744944136.560519 sending message 112 to peer 0x55a017ff94b0 (12 bytes)
1744944136.560528 sending message 112 to peer 0x55a017ff94b0 (12 bytes)
1744944136.560537 sending message 112 to peer 0x55a017ff94b0 (13 bytes)
1744944136.560546 sending message 112 to peer 0x55a017ff94b0 (8 bytes)
1744944136.560556 sending message 112 to peer 0x55a017ff94b0 (13 bytes)
1744944136.560565 sending message 112 to peer 0x55a017ff94b0 (13 bytes)
1744944136.560574 sending message 112 to peer 0x55a017ff94b0 (13 bytes)
1744944136.560584 sending message 112 to peer 0x55a017ff94b0 (13 bytes)
1744944136.560593 sending message 112 to peer 0x55a017ff94b0 (13 bytes)
1744944136.560602 sending message 112 to peer 0x55a017ff94b0 (13 bytes)
1744944136.560611 sending message 112 to peer 0x55a017ff94b0 (13 bytes)
1744944136.560620 sending message 112 to peer 0x55a017ff94b0 (12 bytes)
1744944136.560629 sending message 112 to peer 0x55a017ff94b0 (12 bytes)
1744944136.560637 sending message 112 to peer 0x55a017ff94b0 (12 bytes)
1744944136.560647 sending message 112 to peer 0x55a017ff94b0 (8 bytes)
1744944136.560656 sending message 112 to peer 0x55a017ff94b0 (12 bytes)
1744944136.560665 sending message 112 to peer 0x55a017ff94b0 (13 bytes)
1744944136.560680 sending message 112 to peer 0x55a017ff94b0 (13 bytes)
1744944136.560689 sending message 112 to peer 0x55a017ff94b0 (13 bytes)
1744944136.560698 sending message 112 to peer 0x55a017ff94b0 (13 bytes)
1744944136.560707 sending message 112 to peer 0x55a017ff94b0 (13 bytes)
1744944136.560716 sending message 112 to peer 0x55a017ff94b0 (13 bytes)
1744944136.560725 sending message 112 to peer 0x55a017ff94b0 (13 bytes)
1744944136.560734 sending message 112 to peer 0x55a017ff94b0 (13 bytes)
1744944136.560743 sending message 112 to peer 0x55a017ff94b0 (12 bytes)
1744944136.560752 sending message 112 to peer 0x55a017ff94b0 (10 bytes)
1744944136.560776 sending message 112 to peer 0x55a017ff94b0 (12 bytes)
1744944136.560785 sending message 112 to peer 0x55a017ff94b0 (12 bytes)
1744944136.560794 sending message 112 to peer 0x55a017ff94b0 (12 bytes)
1744944136.560804 sending message 112 to peer 0x55a017ff94b0 (13 bytes)
1744944136.560813 sending message 112 to peer 0x55a017ff94b0 (13 bytes)
1744944136.560823 sending message 112 to peer 0x55a017ff94b0 (13 bytes)
1744944136.560836 sending message 112 to peer 0x55a017ff94b0 (13 bytes)
1744944136.560845 sending message 112 to peer 0x55a017ff94b0 (13 bytes)
1744944136.560855 sending message 112 to peer 0x55a017ff94b0 (13 bytes)
1744944136.560863 sending message 112 to peer 0x55a017ff94b0 (13 bytes)
1744944136.560873 sending message 112 to peer 0x55a017ff94b0 (10 bytes)
1744944136.560882 sending message 112 to peer 0x55a017ff94b0 (13 bytes)
1744944136.560891 sending message 112 to peer 0x55a017ff94b0 (12 bytes)
1744944136.560899 sending message 112 to peer 0x55a017ff94b0 (12 bytes)
1744944136.560908 sending message 112 to peer 0x55a017ff94b0 (12 bytes)
1744944136.560917 sending message 112 to peer 0x55a017ff94b0 (10 bytes)
1744944136.560925 sending message 112 to peer 0x55a017ff94b0 (10 bytes)
1744944136.560934 sending message 112 to peer 0x55a017ff94b0 (10 bytes)
1744944136.560943 sending message 112 to peer 0x55a017ff94b0 (12 bytes)
1744944136.560953 sending message 112 to peer 0x55a017ff94b0 (13 bytes)
1744944136.560962 sending message 112 to peer 0x55a017ff94b0 (13 bytes)
1744944136.560971 sending message 112 to peer 0x55a017ff94b0 (13 bytes)
1744944136.560980 sending message 112 to peer 0x55a017ff94b0 (13 bytes)
1744944136.560989 sending message 112 to peer 0x55a017ff94b0 (13 bytes)
1744944136.560999 sending message 112 to peer 0x55a017ff94b0 (11 bytes)
1744944136.561008 sending message 112 to peer 0x55a017ff94b0 (11 bytes)
1744944136.561017 sending message 112 to peer 0x55a017ff94b0 (12 bytes)
1744944136.561026 sending message 112 to peer 0x55a017ff94b0 (12 bytes)
1744944136.561035 sending message 112 to peer 0x55a017ff94b0 (12 bytes)
1744944136.561044 sending message 112 to peer 0x55a017ff94b0 (12 bytes)
1744944136.561053 sending message 112 to peer 0x55a017ff94b0 (12 bytes)
1744944136.561062 sending message 112 to peer 0x55a017ff94b0 (11 bytes)
1744944136.561071 sending message 112 to peer 0x55a017ff94b0 (12 bytes)
1744944136.561080 sending message 112 to peer 0x55a017ff94b0 (12 bytes)
1744944136.561089 sending message 112 to peer 0x55a017ff94b0 (13 bytes)
1744944136.561098 sending message 112 to peer 0x55a017ff94b0 (13 bytes)
1744944136.561107 sending message 112 to peer 0x55a017ff94b0 (13 bytes)
1744944136.561116 sending message 112 to peer 0x55a017ff94b0 (13 bytes)
1744944136.561125 sending message 112 to peer 0x55a017ff94b0 (13 bytes)
1744944136.561134 sending message 112 to peer 0x55a017ff94b0 (10 bytes)
1744944136.561143 sending message 112 to peer 0x55a017ff94b0 (9 bytes)
1744944136.561151 sending message 112 to peer 0x55a017ff94b0 (12 bytes)
1744944136.561162 sending message 112 to peer 0x55a017ff94b0 (13 bytes)
1744944136.561170 sending message 112 to peer 0x55a017ff94b0 (13 bytes)
1744944136.561179 sending message 112 to peer 0x55a017ff94b0 (13 bytes)
1744944136.561188 sending message 112 to peer 0x55a017ff94b0 (13 bytes)
1744944136.561197 sending message 112 to peer 0x55a017ff94b0 (13 bytes)
1744944136.561211 sending message 112 to peer 0x55a017ff94b0 (9 bytes)
1744944136.561220 sending message 112 to peer 0x55a017ff94b0 (12 bytes)
1744944136.561229 sending message 112 to peer 0x55a017ff94b0 (13 bytes)
1744944136.561238 sending message 112 to peer 0x55a017ff94b0 (13 bytes)
1744944136.561247 sending message 112 to peer 0x55a017ff94b0 (13 bytes)
1744944136.561256 sending message 112 to peer 0x55a017ff94b0 (13 bytes)
1744944136.561265 sending message 112 to peer 0x55a017ff94b0 (13 bytes)
1744944136.561274 sending message 112 to peer 0x55a017ff94b0 (11 bytes)
1744944136.561283 sending message 112 to peer 0x55a017ff94b0 (12 bytes)
1744944136.561293 sending message 112 to peer 0x55a017ff94b0 (13 bytes)
1744944136.561302 sending message 112 to peer 0x55a017ff94b0 (13 bytes)
1744944136.561311 sending message 112 to peer 0x55a017ff94b0 (13 bytes)
1744944136.561320 sending message 112 to peer 0x55a017ff94b0 (13 bytes)
1744944136.561329 sending message 112 to peer 0x55a017ff94b0 (13 bytes)
1744944136.561338 sending message 112 to peer 0x55a017ff94b0 (11 bytes)
1744944136.561347 sending message 112 to peer 0x55a017ff94b0 (12 bytes)
1744944136.561356 sending message 112 to peer 0x55a017ff94b0 (12 bytes)
1744944136.561366 sending message 112 to peer 0x55a017ff94b0 (12 bytes)
1744944136.561376 sending message 112 to peer 0x55a017ff94b0 (12 bytes)
1744944136.561385 sending message 112 to peer 0x55a017ff94b0 (12 bytes)
1744944136.561395 sending message 112 to peer 0x55a017ff94b0 (21 bytes)
1744944136.561404 sending message 112 to peer 0x55a017ff94b0 (12 bytes)
1744944136.561413 sending message 112 to peer 0x55a017ff94b0 (9 bytes)
1744944136.561425 sending message 112 to peer 0x55a017ff94b0 (6 bytes)
1744944136.561434 sending message 112 to peer 0x55a017ff94b0 (13 bytes)
1744944136.561443 sending message 112 to peer 0x55a017ff94b0 (8 bytes)
1744944136.561452 sending message 112 to peer 0x55a017ff94b0 (15 bytes)
1744944136.561461 sending message 112 to peer 0x55a017ff94b0 (13 bytes)
1744944136.561470 sending message 112 to peer 0x55a017ff94b0 (9 bytes)
1744944136.561479 sending message 112 to peer 0x55a017ff94b0 (70 bytes)
1744944136.561488 sending message 112 to peer 0x55a017ff94b0 (69 bytes)
1744944136.561497 sending message 112 to peer 0x55a017ff94b0 (10 bytes)
1744944136.561506 sending message 112 to peer 0x55a017ff94b0 (10 bytes)
1744944136.561515 sending message 112 to peer 0x55a017ff94b0 (8 bytes)
1744944136.561524 sending message 112 to peer 0x55a017ff94b0 (15 bytes)
1744944136.561532 sending message 112 to peer 0x55a017ff94b0 (13 bytes)
1744944136.561540 sending message 112 to peer 0x55a017ff94b0 (10 bytes)
1744944136.561549 sending message 112 to peer 0x55a017ff94b0 (10 bytes)
1744944136.561558 sending message 112 to peer 0x55a017ff94b0 (17 bytes)
1744944136.561569 sending message 112 to peer 0x55a017ff94b0 (10 bytes)
1744944136.561578 sending message 112 to peer 0x55a017ff94b0 (13 bytes)
1744944136.561588 sending message 112 to peer 0x55a017ff94b0 (9 bytes)
1744944136.561597 sending message 112 to peer 0x55a017ff94b0 (5 bytes)
1744944136.561606 sending message 112 to peer 0x55a017ff94b0 (15 bytes)
1744944136.561617 sending message 104 to peer 0x55a017ff94b0 (0 bytes)
1744944136.561626 sending message 110 to peer 0x55a017ff94b0 (0 bytes)
1744944136.561636 sending message 107 to peer 0x55a017ff94b0 (4 bytes)
1744944136.561645 sending message 105 to peer 0x55a017ff94b0 (16 bytes)
1744944136.561655 sending message 105 to peer 0x55a017ff94b0 (86 bytes)
1744944136.561664 sending message 105 to peer 0x55a017ff94b0 (19 bytes)
1744944136.561673 sending message 105 to peer 0x55a017ff94b0 (19 bytes)
1744944136.561682 sending message 105 to peer 0x55a017ff94b0 (20 bytes)
1744944136.561691 sending message 105 to peer 0x55a017ff94b0 (25 bytes)
1744944136.561700 sending message 105 to peer 0x55a017ff94b0 (58 bytes)
1744944136.561710 sending message 105 to peer 0x55a017ff94b0 (22 bytes)
1744944136.561722 sending message 105 to peer 0x55a017ff94b0 (26 bytes)
1744944136.561732 sending message 105 to peer 0x55a017ff94b0 (36 bytes)
1744944136.561741 sending message 105 to peer 0x55a017ff94b0 (47 bytes)
1744944136.561755 sending message 105 to peer 0x55a017ff94b0 (36 bytes)
1744944136.561763 sending message 105 to peer 0x55a017ff94b0 (34 bytes)
1744944136.561772 sending message 105 to peer 0x55a017ff94b0 (33 bytes)
1744944136.561781 sending message 105 to peer 0x55a017ff94b0 (19 bytes)
1744944136.561790 sending message 105 to peer 0x55a017ff94b0 (28 bytes)
1744944136.561799 sending message 105 to peer 0x55a017ff94b0 (15 bytes)
1744944136.561807 sending message 105 to peer 0x55a017ff94b0 (29 bytes)
1744944136.561816 sending message 105 to peer 0x55a017ff94b0 (14 bytes)
1744944136.561824 sending message 105 to peer 0x55a017ff94b0 (37 bytes)
1744944136.561833 sending message 105 to peer 0x55a017ff94b0 (21 bytes)
1744944136.561841 sending message 105 to peer 0x55a017ff94b0 (35 bytes)
1744944136.561850 sending message 105 to peer 0x55a017ff94b0 (16 bytes)
1744944136.561859 sending message 105 to peer 0x55a017ff94b0 (49 bytes)
1744944136.561871 sending message 105 to peer 0x55a017ff94b0 (17 bytes)
1744944136.561880 sending message 105 to peer 0x55a017ff94b0 (17 bytes)
1744944136.561890 sending message 105 to peer 0x55a017ff94b0 (1764 bytes)
1744944136.561944 sending message 105 to peer 0x55a017ff94b0 (25 bytes)
1744944136.561955 sending message 105 to peer 0x55a017ff94b0 (37 bytes)
1744944136.561964 sending message 105 to peer 0x55a017ff94b0 (53 bytes)
1744944136.561973 sending message 105 to peer 0x55a017ff94b0 (17 bytes)
1744944136.561983 sending message 105 to peer 0x55a017ff94b0 (29 bytes)
1744944136.561993 sending message 105 to peer 0x55a017ff94b0 (17 bytes)
1744944136.562002 sending message 105 to peer 0x55a017ff94b0 (28 bytes)
1744944136.562011 sending message 105 to peer 0x55a017ff94b0 (52 bytes)
1744944136.562020 sending message 105 to peer 0x55a017ff94b0 (23 bytes)
1744944136.562029 sending message 105 to peer 0x55a017ff94b0 (19 bytes)
1744944136.562037 sending message 105 to peer 0x55a017ff94b0 (11 bytes)
1744944136.562046 sending message 105 to peer 0x55a017ff94b0 (13 bytes)
1744944136.562055 sending message 105 to peer 0x55a017ff94b0 (13 bytes)
1744944136.562064 sending message 105 to peer 0x55a017ff94b0 (8 bytes)
1744944136.562073 sending message 105 to peer 0x55a017ff94b0 (11 bytes)
1744944136.562081 sending message 105 to peer 0x55a017ff94b0 (17 bytes)
1744944136.562092 sending message 105 to peer 0x55a017ff94b0 (122 bytes)
1744944136.562102 sending message 105 to peer 0x55a017ff94b0 (31 bytes)
1744944136.562112 sending message 105 to peer 0x55a017ff94b0 (72 bytes)
1744944136.562122 sending message 105 to peer 0x55a017ff94b0 (186 bytes)
1744944136.562132 sending message 105 to peer 0x55a017ff94b0 (28 bytes)
1744944136.562141 sending message 105 to peer 0x55a017ff94b0 (54 bytes)
1744944136.562150 sending message 105 to peer 0x55a017ff94b0 (29 bytes)
1744944136.562160 sending message 105 to peer 0x55a017ff94b0 (18 bytes)
1744944136.562169 sending message 105 to peer 0x55a017ff94b0 (16 bytes)
1744944136.562179 sending message 106 to peer 0x55a017ff94b0 (0 bytes)
1744944136.562280 sending message 200 to peer 0x55a017ff94b0 (4 bytes)
1744944136.562290 client loop enter
1744944136.563187 peer 0x55a017ff94b0 message 303
1744944136.563235 open write file 2 -
1744944136.563267 sending message 305 to peer 0x55a017ff94b0 (8 bytes)
1744944136.563306 write check file 2
1744944136.563446 peer 0x55a017ff94b0 message 304
1744944136.563457 write 58 to file 2
1744944136.563468 peer 0x55a017ff94b0 message 203
1744944136.563477 file 2 58 bytes left
1744944136.563500 write check file 2
1744944136.563509 client loop exit
